build/app/intermediates/manifest_merge_blame_file/debug/manifest-merger-blame-debug-report.txt
1<?xml version="1.0" encoding="utf-8"?>
2<manifest xmlns:android="http://schemas.android.com/apk/res/android"
3    package="com.example.admin_vce"
4    android:versionCode="1"
5    android:versionName="1.0.0" >
6
7    <uses-sdk
8        android:minSdkVersion="18"
9        android:targetSdkVersion="31" />
10    <!--
11         The INTERNET permission is required for development. Specifically,
12         the Flutter tool needs it to communicate with the running application
13         to allow setting breakpoints, to provide hot reload, etc.
14    -->
15    <uses-permission android:name="android.permission.INTERNET" />
15-->src/debug/AndroidManifest.xml:7:5-66
15-->src/debug/AndroidManifest.xml:7:22-64
16    <uses-permission android:name="android.permission.READ_EXTERNAL_STORAGE" />
16-->[:file_picker] AndroidManifest.xml:9:5-80
16-->[:file_picker] AndroidManifest.xml:9:22-77
17
18    <queries>
18-->[:file_picker] AndroidManifest.xml:11:5-17:15
19        <intent>
19-->[:file_picker] AndroidManifest.xml:12:9-16:18
20            <action android:name="android.intent.action.GET_CONTENT" />
20-->[:file_picker] AndroidManifest.xml:13:13-72
20-->[:file_picker] AndroidManifest.xml:13:21-69
21
22            <data android:mimeType="*/*" />
22-->[:file_picker] AndroidManifest.xml:15:13-44
22-->[:file_picker] AndroidManifest.xml:15:19-41
23        </intent>
24    </queries>
25
26    <uses-permission android:name="android.permission.CAMERA" />
26-->[:flutter_barcode_scanner] AndroidManifest.xml:9:5-65
26-->[:flutter_barcode_scanner] AndroidManifest.xml:9:22-62
27
28    <uses-feature android:name="android.hardware.camera" />
28-->[:flutter_barcode_scanner] AndroidManifest.xml:11:5-60
28-->[:flutter_barcode_scanner] AndroidManifest.xml:11:19-57
29
30    <uses-permission android:name="android.permission.FLASHLIGHT" />
30-->[:flutter_barcode_scanner] AndroidManifest.xml:13:5-69
30-->[:flutter_barcode_scanner] AndroidManifest.xml:13:22-66
31    <uses-permission android:name="android.permission.WRITE_EXTERNAL_STORAGE" />
31-->[:image_picker] AndroidManifest.xml:10:5-81
31-->[:image_picker] AndroidManifest.xml:10:22-78
32
33    <application
34        android:name="android.app.Application"
35        android:appComponentFactory="androidx.core.app.CoreComponentFactory"
35-->[androidx.core:core:1.6.0] AndroidManifest.xml:24:18-86
36        android:debuggable="true"
37        android:icon="@mipmap/ic_launcher"
38        android:label="admin_vce"
39        android:largeHeap="true"
39-->[:flutter_barcode_scanner] AndroidManifest.xml:16:9-33
40        android:theme="@style/Theme.AppCompat.NoActionBar" >
40-->[:flutter_barcode_scanner] AndroidManifest.xml:17:9-59
41        <activity
42            android:name="com.example.admin_vce.MainActivity"
43            android:configChanges="orientation|keyboardHidden|keyboard|screenSize|smallestScreenSize|locale|layoutDirection|fontScale|screenLayout|density|uiMode"
44            android:exported="true"
45            android:hardwareAccelerated="true"
46            android:launchMode="singleTop"
47            android:theme="@style/LaunchTheme"
48            android:windowSoftInputMode="adjustResize" >
49
50            <!--
51                 Specifies an Android theme to apply to this Activity as soon as
52                 the Android process has started. This theme is visible to the user
53                 while the Flutter UI initializes. After that, this theme continues
54                 to determine the Window background behind the Flutter UI.
55            -->
56            <meta-data
57                android:name="io.flutter.embedding.android.NormalTheme"
58                android:resource="@style/NormalTheme" />
59
60            <intent-filter>
61                <action android:name="android.intent.action.MAIN" />
62
63                <category android:name="android.intent.category.LAUNCHER" />
64            </intent-filter>
65        </activity>
66        <!--
67             Don't delete the meta-data below.
68             This is used by the Flutter tool to generate GeneratedPluginRegistrant.java
69        -->
70        <meta-data
71            android:name="flutterEmbedding"
72            android:value="2" />
73
74        <activity android:name="com.amolg.flutterbarcodescanner.BarcodeCaptureActivity" />
74-->[:flutter_barcode_scanner] AndroidManifest.xml:18:9-91
74-->[:flutter_barcode_scanner] AndroidManifest.xml:18:19-88
75
76        <provider
76-->[:image_picker] AndroidManifest.xml:13:9-21:20
77            android:name="io.flutter.plugins.imagepicker.ImagePickerFileProvider"
77-->[:image_picker] AndroidManifest.xml:14:13-82
78            android:authorities="com.example.admin_vce.flutter.image_provider"
78-->[:image_picker] AndroidManifest.xml:15:13-74
79            android:exported="false"
79-->[:image_picker] AndroidManifest.xml:16:13-37
80            android:grantUriPermissions="true" >
80-->[:image_picker] AndroidManifest.xml:17:13-47
81            <meta-data
81-->[:image_picker] AndroidManifest.xml:18:13-20:75
82                android:name="android.support.FILE_PROVIDER_PATHS"
82-->[:image_picker] AndroidManifest.xml:19:17-67
83                android:resource="@xml/flutter_image_picker_file_paths" />
83-->[:image_picker] AndroidManifest.xml:20:17-72
84        </provider>
85
86        <uses-library
86-->[androidx.window:window:1.0.0-beta04] AndroidManifest.xml:25:9-27:40
87            android:name="androidx.window.extensions"
87-->[androidx.window:window:1.0.0-beta04] AndroidManifest.xml:26:13-54
88            android:required="false" />
88-->[androidx.window:window:1.0.0-beta04] AndroidManifest.xml:27:13-37
89        <uses-library
89-->[androidx.window:window:1.0.0-beta04] AndroidManifest.xml:28:9-30:40
90            android:name="androidx.window.sidecar"
90-->[androidx.window:window:1.0.0-beta04] AndroidManifest.xml:29:13-51
91            android:required="false" />
91-->[androidx.window:window:1.0.0-beta04] AndroidManifest.xml:30:13-37
92
93        <activity
93-->[com.google.android.gms:play-services-base:17.4.0] AndroidManifest.xml:23:9-26:75
94            android:name="com.google.android.gms.common.api.GoogleApiActivity"
94-->[com.google.android.gms:play-services-base:17.4.0] AndroidManifest.xml:24:13-79
95            android:exported="false"
95-->[com.google.android.gms:play-services-base:17.4.0] AndroidManifest.xml:25:13-37
96            android:theme="@android:style/Theme.Translucent.NoTitleBar" />
96-->[com.google.android.gms:play-services-base:17.4.0] AndroidManifest.xml:26:13-72
97
98        <meta-data
98-->[com.google.android.gms:play-services-basement:17.4.0] AndroidManifest.xml:23:9-25:69
99            android:name="com.google.android.gms.version"
99-->[com.google.android.gms:play-services-basement:17.4.0] AndroidManifest.xml:24:13-58
100            android:value="@integer/google_play_services_version" />
100-->[com.google.android.gms:play-services-basement:17.4.0] AndroidManifest.xml:25:13-66
101    </application>
102
103</manifest>